<?xml version="1.0" encoding="UTF-8"?>
<!-- Generated by org.testng.reporters.JUnitXMLReporter -->
<testsuite ignored="0" hostname="DESKTOP-8V979BB" failures="0" tests="7" name="Default test" time="100.622" errors="0" timestamp="2022-10-11T23:08:20 IST">
  <testcase classname="com.test.FlipkartAutomateEdge" name="closeLogin" time="1.864"/>
  <testcase classname="com.test.FlipkartAutomateEdge" name="scroll" time="6.718"/>
  <testcase classname="com.test.FlipkartAutomateEdge" name="searchProduct" time="5.87"/>
  <testcase classname="com.test.FlipkartAutomateEdge" name="loadImage" time="13.559"/>
  <testcase classname="com.test.FlipkartAutomateEdge" name="scrollFrequency" time="2.485"/>
  <testcase classname="com.test.FlipkartAutomateEdge" name="downloadImages" time="0.29"/>
  <testcase classname="com.test.FlipkartAutomateEdge" name="screenResolution" time="7.917"/>
</testsuite> <!-- Default test -->
