<?xml version="1.0" encoding="UTF-8"?>
<testng-results ignored="0" total="7" passed="7" failed="0" skipped="0">
  <reporter-output>
  </reporter-output>
  <suite started-at="2022-10-11T23:06:39 IST" name="Default suite" finished-at="2022-10-11T23:08:20 IST" duration-ms="100622">
    <groups>
    </groups>
    <test started-at="2022-10-11T23:06:39 IST" name="Default test" finished-at="2022-10-11T23:08:20 IST" duration-ms="100622">
      <class name="com.test.FlipkartAutomateEdge">
        <test-method is-config="true" signature="beforeClass()[pri:0, instance:com.test.FlipkartAutomateEdge@5b247367]" started-at="2022-10-11T23:06:39 IST" name="beforeClass" finished-at="2022-10-11T23:07:41 IST" duration-ms="61876" status="PASS">
          <reporter-output>
          </reporter-output>
        </test-method> <!-- beforeClass -->
        <test-method signature="closeLogin()[pri:1, instance:com.test.FlipkartAutomateEdge@5b247367]" started-at="2022-10-11T23:07:41 IST" name="closeLogin" finished-at="2022-10-11T23:07:43 IST" duration-ms="1864" status="PASS">
          <reporter-output>
          </reporter-output>
        </test-method> <!-- closeLogin -->
        <test-method signature="scroll()[pri:2, instance:com.test.FlipkartAutomateEdge@5b247367]" started-at="2022-10-11T23:07:43 IST" name="scroll" finished-at="2022-10-11T23:07:50 IST" duration-ms="6718" status="PASS">
          <reporter-output>
          </reporter-output>
        </test-method> <!-- scroll -->
        <test-method signature="searchProduct()[pri:3, instance:com.test.FlipkartAutomateEdge@5b247367]" started-at="2022-10-11T23:07:50 IST" name="searchProduct" finished-at="2022-10-11T23:07:56 IST" duration-ms="5870" status="PASS">
          <reporter-output>
          </reporter-output>
        </test-method> <!-- searchProduct -->
        <test-method signature="loadImage()[pri:4, instance:com.test.FlipkartAutomateEdge@5b247367]" started-at="2022-10-11T23:07:56 IST" name="loadImage" finished-at="2022-10-11T23:08:09 IST" duration-ms="13559" status="PASS">
          <reporter-output>
          </reporter-output>
        </test-method> <!-- loadImage -->
        <test-method signature="scrollFrequency()[pri:5, instance:com.test.FlipkartAutomateEdge@5b247367]" started-at="2022-10-11T23:08:09 IST" name="scrollFrequency" finished-at="2022-10-11T23:08:12 IST" duration-ms="2485" status="PASS">
          <reporter-output>
          </reporter-output>
        </test-method> <!-- scrollFrequency -->
        <test-method signature="downloadImages()[pri:6, instance:com.test.FlipkartAutomateEdge@5b247367]" started-at="2022-10-11T23:08:12 IST" name="downloadImages" finished-at="2022-10-11T23:08:12 IST" duration-ms="290" status="PASS">
          <reporter-output>
          </reporter-output>
        </test-method> <!-- downloadImages -->
        <test-method signature="screenResolution()[pri:7, instance:com.test.FlipkartAutomateEdge@5b247367]" started-at="2022-10-11T23:08:12 IST" name="screenResolution" finished-at="2022-10-11T23:08:20 IST" duration-ms="7917" status="PASS">
          <reporter-output>
          </reporter-output>
        </test-method> <!-- screenResolution -->
        <test-method is-config="true" signature="afterClass()[pri:0, instance:com.test.FlipkartAutomateEdge@5b247367]" started-at="2022-10-11T23:08:20 IST" name="afterClass" finished-at="2022-10-11T23:08:20 IST" duration-ms="0" status="PASS">
          <reporter-output>
          </reporter-output>
        </test-method> <!-- afterClass -->
      </class> <!-- com.test.FlipkartAutomateEdge -->
    </test> <!-- Default test -->
  </suite> <!-- Default suite -->
</testng-results>
